2021-09-07 17:34:57,620 [Worker-5: Loading available Gradle versions] INFO  o.e.b.c.i.u.g.PublishedGradleVersions - Gradle version information cache is up-to-date. Trying to read.
2021-09-07 17:35:19,972 [Worker-4: Updating Maven Dependencies] INFO  o.e.m.c.i.l.LifecycleMappingFactory - Using org.eclipse.m2e.jdt.JarLifecycleMapping lifecycle mapping for MavenProject: com.formacionbdi.microservicios.app.cursos:microservicios-cursos:0.0.1-SNAPSHOT @ C:\Users\MegaTecnologia\Desktop\IDES\Heroku\microservicios-cursos\pom.xml.
2021-09-07 17:35:20,377 [Worker-0: Building] INFO  o.e.m.c.i.l.LifecycleMappingFactory - Using org.eclipse.m2e.jdt.JarLifecycleMapping lifecycle mapping for MavenProject: com.formacionbdi.microservicios.commons:commons-microservicios:0.0.1-SNAPSHOT @ C:\Users\MegaTecnologia\Desktop\IDES\Heroku\commons-microservicios\pom.xml.
2021-09-07 17:35:22,351 [Worker-0: Building] INFO  o.e.m.c.i.embedder.EclipseLogger - Using 'UTF-8' encoding to copy filtered resources.
2021-09-07 17:35:22,352 [Worker-0: Building] INFO  o.e.m.c.i.embedder.EclipseLogger - Using 'UTF-8' encoding to copy filtered properties files.
2021-09-07 17:35:22,356 [Worker-0: Building] INFO  o.e.m.c.i.embedder.EclipseLogger - Copying 1 resource
2021-09-07 17:35:22,374 [Worker-0: Building] INFO  o.e.m.c.i.embedder.EclipseLogger - Copying 0 resource
2021-09-07 17:35:22,377 [Worker-0: Building] INFO  o.e.m.c.i.embedder.EclipseLogger - Using 'UTF-8' encoding to copy filtered resources.
2021-09-07 17:35:22,378 [Worker-0: Building] INFO  o.e.m.c.i.embedder.EclipseLogger - Using 'UTF-8' encoding to copy filtered properties files.
2021-09-07 17:35:22,378 [Worker-0: Building] INFO  o.e.m.c.i.embedder.EclipseLogger - skip non existing resourceDirectory C:\Users\MegaTecnologia\Desktop\IDES\Heroku\commons-microservicios\src\test\resources
2021-09-07 17:35:23,680 [Worker-3: Building] INFO  o.e.m.c.i.embedder.EclipseLogger - Using 'UTF-8' encoding to copy filtered resources.
2021-09-07 17:35:23,680 [Worker-3: Building] INFO  o.e.m.c.i.embedder.EclipseLogger - Using 'UTF-8' encoding to copy filtered properties files.
2021-09-07 17:35:23,685 [Worker-3: Building] INFO  o.e.m.c.i.embedder.EclipseLogger - Copying 1 resource
2021-09-07 17:35:23,688 [Worker-3: Building] INFO  o.e.m.c.i.embedder.EclipseLogger - Copying 0 resource
2021-09-07 17:35:23,691 [Worker-3: Building] INFO  o.e.m.c.i.embedder.EclipseLogger - Using 'UTF-8' encoding to copy filtered resources.
2021-09-07 17:35:23,691 [Worker-3: Building] INFO  o.e.m.c.i.embedder.EclipseLogger - Using 'UTF-8' encoding to copy filtered properties files.
2021-09-07 17:35:23,692 [Worker-3: Building] INFO  o.e.m.c.i.embedder.EclipseLogger - skip non existing resourceDirectory C:\Users\MegaTecnologia\Desktop\IDES\Heroku\commons-microservicios\src\test\resources
2021-09-07 17:35:24,124 [Worker-8: Updating Maven Dependencies] INFO  o.e.m.c.i.l.LifecycleMappingFactory - Using org.eclipse.m2e.jdt.JarLifecycleMapping lifecycle mapping for MavenProject: com.formacionbdi.microservicios.app.cursos:microservicios-cursos:0.0.1-SNAPSHOT @ C:\Users\MegaTecnologia\Desktop\IDES\Heroku\microservicios-cursos\pom.xml.
2021-09-07 17:35:24,356 [Worker-3: Building] INFO  o.e.m.c.i.l.LifecycleMappingFactory - Using org.eclipse.m2e.jdt.JarLifecycleMapping lifecycle mapping for MavenProject: com.formacionbdi.microservicios.app.cursos:microservicios-cursos:0.0.1-SNAPSHOT @ C:\Users\MegaTecnologia\Desktop\IDES\Heroku\microservicios-cursos\pom.xml.
2021-09-07 17:35:25,272 [Worker-3: Building] INFO  o.e.m.c.i.embedder.EclipseLogger - Using 'UTF-8' encoding to copy filtered resources.
2021-09-07 17:35:25,272 [Worker-3: Building] INFO  o.e.m.c.i.embedder.EclipseLogger - Using 'UTF-8' encoding to copy filtered properties files.
2021-09-07 17:35:25,273 [Worker-3: Building] INFO  o.e.m.c.i.embedder.EclipseLogger - Copying 1 resource
2021-09-07 17:35:25,277 [Worker-3: Building] INFO  o.e.m.c.i.embedder.EclipseLogger - Copying 0 resource
2021-09-07 17:35:25,280 [Worker-3: Building] INFO  o.e.m.c.i.embedder.EclipseLogger - Using 'UTF-8' encoding to copy filtered resources.
2021-09-07 17:35:25,280 [Worker-3: Building] INFO  o.e.m.c.i.embedder.EclipseLogger - Using 'UTF-8' encoding to copy filtered properties files.
2021-09-07 17:35:25,281 [Worker-3: Building] INFO  o.e.m.c.i.embedder.EclipseLogger - skip non existing resourceDirectory C:\Users\MegaTecnologia\Desktop\IDES\Heroku\microservicios-cursos\src\test\resources
2021-09-07 17:35:27,025 [Worker-4: Updating Maven Dependencies] INFO  o.e.m.c.i.l.LifecycleMappingFactory - Using org.eclipse.m2e.jdt.JarLifecycleMapping lifecycle mapping for MavenProject: com.formacionbdi.microservicios.app.cursos:microservicios-cursos:0.0.1-SNAPSHOT @ C:\Users\MegaTecnologia\Desktop\IDES\Heroku\microservicios-cursos\pom.xml.
2021-09-07 17:35:27,081 [Worker-3: Building] INFO  o.e.m.c.i.embedder.EclipseLogger - Using 'UTF-8' encoding to copy filtered resources.
2021-09-07 17:35:27,081 [Worker-3: Building] INFO  o.e.m.c.i.embedder.EclipseLogger - Using 'UTF-8' encoding to copy filtered properties files.
2021-09-07 17:35:27,083 [Worker-3: Building] INFO  o.e.m.c.i.embedder.EclipseLogger - Copying 1 resource
2021-09-07 17:35:27,087 [Worker-3: Building] INFO  o.e.m.c.i.embedder.EclipseLogger - Copying 0 resource
2021-09-07 17:35:27,089 [Worker-3: Building] INFO  o.e.m.c.i.embedder.EclipseLogger - Using 'UTF-8' encoding to copy filtered resources.
2021-09-07 17:35:27,090 [Worker-3: Building] INFO  o.e.m.c.i.embedder.EclipseLogger - Using 'UTF-8' encoding to copy filtered properties files.
2021-09-07 17:35:27,090 [Worker-3: Building] INFO  o.e.m.c.i.embedder.EclipseLogger - skip non existing resourceDirectory C:\Users\MegaTecnologia\Desktop\IDES\Heroku\microservicios-cursos\src\test\resources
2021-09-07 17:35:29,501 [Worker-8: Building] INFO  o.e.m.c.i.embedder.EclipseLogger - Using 'UTF-8' encoding to copy filtered resources.
2021-09-07 17:35:29,501 [Worker-8: Building] INFO  o.e.m.c.i.embedder.EclipseLogger - Using 'UTF-8' encoding to copy filtered properties files.
2021-09-07 17:35:29,503 [Worker-8: Building] INFO  o.e.m.c.i.embedder.EclipseLogger - Copying 1 resource
2021-09-07 17:35:29,515 [Worker-8: Building] INFO  o.e.m.c.i.embedder.EclipseLogger - Copying 0 resource
2021-09-07 17:35:29,518 [Worker-8: Building] INFO  o.e.m.c.i.embedder.EclipseLogger - Using 'UTF-8' encoding to copy filtered resources.
2021-09-07 17:35:29,519 [Worker-8: Building] INFO  o.e.m.c.i.embedder.EclipseLogger - Using 'UTF-8' encoding to copy filtered properties files.
2021-09-07 17:35:29,519 [Worker-8: Building] INFO  o.e.m.c.i.embedder.EclipseLogger - skip non existing resourceDirectory C:\Users\MegaTecnologia\Desktop\IDES\Heroku\microservicios-cursos\src\test\resources
2021-09-07 17:35:57,839 [Worker-0: Building] INFO  o.e.m.c.i.embedder.EclipseLogger - Using 'UTF-8' encoding to copy filtered resources.
2021-09-07 17:35:57,840 [Worker-0: Building] INFO  o.e.m.c.i.embedder.EclipseLogger - Using 'UTF-8' encoding to copy filtered properties files.
2021-09-07 17:35:57,841 [Worker-0: Building] INFO  o.e.m.c.i.embedder.EclipseLogger - Copying 1 resource
2021-09-07 17:35:57,856 [Worker-0: Building] INFO  o.e.m.c.i.embedder.EclipseLogger - Copying 0 resource
2021-09-07 17:35:57,859 [Worker-0: Building] INFO  o.e.m.c.i.embedder.EclipseLogger - Using 'UTF-8' encoding to copy filtered resources.
2021-09-07 17:35:57,859 [Worker-0: Building] INFO  o.e.m.c.i.embedder.EclipseLogger - Using 'UTF-8' encoding to copy filtered properties files.
2021-09-07 17:35:57,859 [Worker-0: Building] INFO  o.e.m.c.i.embedder.EclipseLogger - skip non existing resourceDirectory C:\Users\MegaTecnologia\Desktop\IDES\Heroku\microservicios-cursos\src\test\resources
2021-09-07 17:36:51,406 [Worker-4: Building] INFO  o.e.m.c.i.l.LifecycleMappingFactory - Using org.eclipse.m2e.jdt.JarLifecycleMapping lifecycle mapping for MavenProject: com.formacionbdi.microservicios.app.cursos:microservicios-cursos:0.0.1-SNAPSHOT @ C:\Users\MegaTecnologia\Desktop\IDES\Heroku\microservicios-cursos\pom.xml.
2021-09-07 17:36:51,906 [Worker-4: Building] INFO  o.e.m.c.i.p.WorkspaceClassifierResolverManager - Resolving P/commons-microservicios: com.formacionbdi.microservicios.commons:commons-microservicios:0.0.1-SNAPSHOT with classifier  to /commons-microservicios/target/classes
2021-09-07 17:36:52,313 [Worker-4: Building] INFO  o.e.m.c.i.embedder.EclipseLogger - Using 'UTF-8' encoding to copy filtered resources.
2021-09-07 17:36:52,313 [Worker-4: Building] INFO  o.e.m.c.i.embedder.EclipseLogger - Using 'UTF-8' encoding to copy filtered properties files.
2021-09-07 17:36:52,313 [Worker-4: Building] INFO  o.e.m.c.i.embedder.EclipseLogger - Copying 0 resource
2021-09-07 17:36:52,314 [Worker-4: Building] INFO  o.e.m.c.i.embedder.EclipseLogger - Copying 0 resource
2021-09-07 17:36:52,316 [Worker-4: Building] INFO  o.e.m.c.i.embedder.EclipseLogger - Using 'UTF-8' encoding to copy filtered resources.
2021-09-07 17:36:52,317 [Worker-4: Building] INFO  o.e.m.c.i.embedder.EclipseLogger - Using 'UTF-8' encoding to copy filtered properties files.
2021-09-07 17:36:52,317 [Worker-4: Building] INFO  o.e.m.c.i.embedder.EclipseLogger - skip non existing resourceDirectory C:\Users\MegaTecnologia\Desktop\IDES\Heroku\microservicios-cursos\src\test\resources
2021-09-07 17:36:54,532 [Worker-1: Building] INFO  o.e.m.c.i.p.WorkspaceClassifierResolverManager - Resolving P/commons-microservicios: com.formacionbdi.microservicios.commons:commons-microservicios:0.0.1-SNAPSHOT with classifier  to /commons-microservicios/target/classes
2021-09-07 17:36:54,606 [Worker-1: Building] INFO  o.e.m.c.i.embedder.EclipseLogger - Using 'UTF-8' encoding to copy filtered resources.
2021-09-07 17:36:54,606 [Worker-1: Building] INFO  o.e.m.c.i.embedder.EclipseLogger - Using 'UTF-8' encoding to copy filtered properties files.
2021-09-07 17:36:54,608 [Worker-1: Building] INFO  o.e.m.c.i.embedder.EclipseLogger - Copying 1 resource
2021-09-07 17:36:54,612 [Worker-1: Building] INFO  o.e.m.c.i.embedder.EclipseLogger - Copying 0 resource
2021-09-07 17:36:54,617 [Worker-1: Building] INFO  o.e.m.c.i.embedder.EclipseLogger - Using 'UTF-8' encoding to copy filtered resources.
2021-09-07 17:36:54,617 [Worker-1: Building] INFO  o.e.m.c.i.embedder.EclipseLogger - Using 'UTF-8' encoding to copy filtered properties files.
2021-09-07 17:36:54,618 [Worker-1: Building] INFO  o.e.m.c.i.embedder.EclipseLogger - skip non existing resourceDirectory C:\Users\MegaTecnologia\Desktop\IDES\Heroku\microservicios-cursos\src\test\resources
2021-09-07 17:37:39,765 [Worker-1: Building] INFO  o.e.m.c.i.embedder.EclipseLogger - Using 'UTF-8' encoding to copy filtered resources.
2021-09-07 17:37:39,765 [Worker-1: Building] INFO  o.e.m.c.i.embedder.EclipseLogger - Using 'UTF-8' encoding to copy filtered properties files.
2021-09-07 17:37:39,766 [Worker-1: Building] INFO  o.e.m.c.i.embedder.EclipseLogger - Copying 1 resource
2021-09-07 17:37:39,777 [Worker-1: Building] INFO  o.e.m.c.i.embedder.EclipseLogger - Copying 0 resource
2021-09-07 17:37:39,779 [Worker-1: Building] INFO  o.e.m.c.i.embedder.EclipseLogger - Using 'UTF-8' encoding to copy filtered resources.
2021-09-07 17:37:39,779 [Worker-1: Building] INFO  o.e.m.c.i.embedder.EclipseLogger - Using 'UTF-8' encoding to copy filtered properties files.
2021-09-07 17:37:39,779 [Worker-1: Building] INFO  o.e.m.c.i.embedder.EclipseLogger - skip non existing resourceDirectory C:\Users\MegaTecnologia\Desktop\IDES\Heroku\microservicios-cursos\src\test\resources
2021-09-07 17:37:56,351 [Worker-1: Building] INFO  o.e.m.c.i.embedder.EclipseLogger - Using 'UTF-8' encoding to copy filtered resources.
2021-09-07 17:37:56,351 [Worker-1: Building] INFO  o.e.m.c.i.embedder.EclipseLogger - Using 'UTF-8' encoding to copy filtered properties files.
2021-09-07 17:37:56,352 [Worker-1: Building] INFO  o.e.m.c.i.embedder.EclipseLogger - Copying 1 resource
2021-09-07 17:37:56,361 [Worker-1: Building] INFO  o.e.m.c.i.embedder.EclipseLogger - Copying 0 resource
2021-09-07 17:37:56,363 [Worker-1: Building] INFO  o.e.m.c.i.embedder.EclipseLogger - Using 'UTF-8' encoding to copy filtered resources.
2021-09-07 17:37:56,363 [Worker-1: Building] INFO  o.e.m.c.i.embedder.EclipseLogger - Using 'UTF-8' encoding to copy filtered properties files.
2021-09-07 17:37:56,363 [Worker-1: Building] INFO  o.e.m.c.i.embedder.EclipseLogger - skip non existing resourceDirectory C:\Users\MegaTecnologia\Desktop\IDES\Heroku\microservicios-cursos\src\test\resources
2021-09-07 17:38:20,339 [Worker-5: Building] INFO  o.e.m.c.i.embedder.EclipseLogger - Using 'UTF-8' encoding to copy filtered resources.
2021-09-07 17:38:20,340 [Worker-5: Building] INFO  o.e.m.c.i.embedder.EclipseLogger - Using 'UTF-8' encoding to copy filtered properties files.
2021-09-07 17:38:20,342 [Worker-5: Building] INFO  o.e.m.c.i.embedder.EclipseLogger - Copying 1 resource
2021-09-07 17:38:20,351 [Worker-5: Building] INFO  o.e.m.c.i.embedder.EclipseLogger - Copying 0 resource
2021-09-07 17:38:20,353 [Worker-5: Building] INFO  o.e.m.c.i.embedder.EclipseLogger - Using 'UTF-8' encoding to copy filtered resources.
2021-09-07 17:38:20,353 [Worker-5: Building] INFO  o.e.m.c.i.embedder.EclipseLogger - Using 'UTF-8' encoding to copy filtered properties files.
2021-09-07 17:38:20,353 [Worker-5: Building] INFO  o.e.m.c.i.embedder.EclipseLogger - skip non existing resourceDirectory C:\Users\MegaTecnologia\Desktop\IDES\Heroku\microservicios-cursos\src\test\resources
2021-09-07 17:38:31,353 [Worker-2: Building] INFO  o.e.m.c.i.embedder.EclipseLogger - Using 'UTF-8' encoding to copy filtered resources.
2021-09-07 17:38:31,353 [Worker-2: Building] INFO  o.e.m.c.i.embedder.EclipseLogger - Using 'UTF-8' encoding to copy filtered properties files.
2021-09-07 17:38:31,354 [Worker-2: Building] INFO  o.e.m.c.i.embedder.EclipseLogger - Copying 1 resource
2021-09-07 17:38:31,362 [Worker-2: Building] INFO  o.e.m.c.i.embedder.EclipseLogger - Copying 0 resource
2021-09-07 17:38:31,365 [Worker-2: Building] INFO  o.e.m.c.i.embedder.EclipseLogger - Using 'UTF-8' encoding to copy filtered resources.
2021-09-07 17:38:31,365 [Worker-2: Building] INFO  o.e.m.c.i.embedder.EclipseLogger - Using 'UTF-8' encoding to copy filtered properties files.
2021-09-07 17:38:31,365 [Worker-2: Building] INFO  o.e.m.c.i.embedder.EclipseLogger - skip non existing resourceDirectory C:\Users\MegaTecnologia\Desktop\IDES\Heroku\microservicios-cursos\src\test\resources
2021-09-07 17:38:37,748 [Worker-2: Building] INFO  o.e.m.c.i.embedder.EclipseLogger - Using 'UTF-8' encoding to copy filtered resources.
2021-09-07 17:38:37,748 [Worker-2: Building] INFO  o.e.m.c.i.embedder.EclipseLogger - Using 'UTF-8' encoding to copy filtered properties files.
2021-09-07 17:38:37,750 [Worker-2: Building] INFO  o.e.m.c.i.embedder.EclipseLogger - Copying 1 resource
2021-09-07 17:38:37,759 [Worker-2: Building] INFO  o.e.m.c.i.embedder.EclipseLogger - Copying 0 resource
2021-09-07 17:38:37,762 [Worker-2: Building] INFO  o.e.m.c.i.embedder.EclipseLogger - Using 'UTF-8' encoding to copy filtered resources.
2021-09-07 17:38:37,762 [Worker-2: Building] INFO  o.e.m.c.i.embedder.EclipseLogger - Using 'UTF-8' encoding to copy filtered properties files.
2021-09-07 17:38:37,762 [Worker-2: Building] INFO  o.e.m.c.i.embedder.EclipseLogger - skip non existing resourceDirectory C:\Users\MegaTecnologia\Desktop\IDES\Heroku\microservicios-cursos\src\test\resources
2021-09-07 17:38:51,216 [Worker-6: Building] INFO  o.e.m.c.i.embedder.EclipseLogger - Using 'UTF-8' encoding to copy filtered resources.
2021-09-07 17:38:51,216 [Worker-6: Building] INFO  o.e.m.c.i.embedder.EclipseLogger - Using 'UTF-8' encoding to copy filtered properties files.
2021-09-07 17:38:51,217 [Worker-6: Building] INFO  o.e.m.c.i.embedder.EclipseLogger - Copying 1 resource
2021-09-07 17:38:51,233 [Worker-6: Building] INFO  o.e.m.c.i.embedder.EclipseLogger - Copying 0 resource
2021-09-07 17:38:51,235 [Worker-6: Building] INFO  o.e.m.c.i.embedder.EclipseLogger - Using 'UTF-8' encoding to copy filtered resources.
2021-09-07 17:38:51,235 [Worker-6: Building] INFO  o.e.m.c.i.embedder.EclipseLogger - Using 'UTF-8' encoding to copy filtered properties files.
2021-09-07 17:38:51,235 [Worker-6: Building] INFO  o.e.m.c.i.embedder.EclipseLogger - skip non existing resourceDirectory C:\Users\MegaTecnologia\Desktop\IDES\Heroku\microservicios-cursos\src\test\resources
2021-09-07 17:39:07,722 [Worker-5: Building] INFO  o.e.m.c.i.embedder.EclipseLogger - Using 'UTF-8' encoding to copy filtered resources.
2021-09-07 17:39:07,722 [Worker-5: Building] INFO  o.e.m.c.i.embedder.EclipseLogger - Using 'UTF-8' encoding to copy filtered properties files.
2021-09-07 17:39:07,723 [Worker-5: Building] INFO  o.e.m.c.i.embedder.EclipseLogger - Copying 1 resource
2021-09-07 17:39:07,745 [Worker-5: Building] INFO  o.e.m.c.i.embedder.EclipseLogger - Copying 0 resource
2021-09-07 17:39:07,747 [Worker-5: Building] INFO  o.e.m.c.i.embedder.EclipseLogger - Using 'UTF-8' encoding to copy filtered resources.
2021-09-07 17:39:07,747 [Worker-5: Building] INFO  o.e.m.c.i.embedder.EclipseLogger - Using 'UTF-8' encoding to copy filtered properties files.
2021-09-07 17:39:07,747 [Worker-5: Building] INFO  o.e.m.c.i.embedder.EclipseLogger - skip non existing resourceDirectory C:\Users\MegaTecnologia\Desktop\IDES\Heroku\microservicios-cursos\src\test\resources
2021-09-07 17:39:15,741 [Worker-7: Building] INFO  o.e.m.c.i.embedder.EclipseLogger - Using 'UTF-8' encoding to copy filtered resources.
2021-09-07 17:39:15,741 [Worker-7: Building] INFO  o.e.m.c.i.embedder.EclipseLogger - Using 'UTF-8' encoding to copy filtered properties files.
2021-09-07 17:39:15,742 [Worker-7: Building] INFO  o.e.m.c.i.embedder.EclipseLogger - Copying 1 resource
2021-09-07 17:39:15,750 [Worker-7: Building] INFO  o.e.m.c.i.embedder.EclipseLogger - Copying 0 resource
2021-09-07 17:39:15,753 [Worker-7: Building] INFO  o.e.m.c.i.embedder.EclipseLogger - Using 'UTF-8' encoding to copy filtered resources.
2021-09-07 17:39:15,754 [Worker-7: Building] INFO  o.e.m.c.i.embedder.EclipseLogger - Using 'UTF-8' encoding to copy filtered properties files.
2021-09-07 17:39:15,754 [Worker-7: Building] INFO  o.e.m.c.i.embedder.EclipseLogger - skip non existing resourceDirectory C:\Users\MegaTecnologia\Desktop\IDES\Heroku\microservicios-cursos\src\test\resources
2021-09-07 17:39:31,436 [Worker-5: Building] INFO  o.e.m.c.i.embedder.EclipseLogger - Using 'UTF-8' encoding to copy filtered resources.
2021-09-07 17:39:31,437 [Worker-5: Building] INFO  o.e.m.c.i.embedder.EclipseLogger - Using 'UTF-8' encoding to copy filtered properties files.
2021-09-07 17:39:31,438 [Worker-5: Building] INFO  o.e.m.c.i.embedder.EclipseLogger - Copying 1 resource
2021-09-07 17:39:31,446 [Worker-5: Building] INFO  o.e.m.c.i.embedder.EclipseLogger - Copying 0 resource
2021-09-07 17:39:31,447 [Worker-5: Building] INFO  o.e.m.c.i.embedder.EclipseLogger - Using 'UTF-8' encoding to copy filtered resources.
2021-09-07 17:39:31,448 [Worker-5: Building] INFO  o.e.m.c.i.embedder.EclipseLogger - Using 'UTF-8' encoding to copy filtered properties files.
2021-09-07 17:39:31,448 [Worker-5: Building] INFO  o.e.m.c.i.embedder.EclipseLogger - skip non existing resourceDirectory C:\Users\MegaTecnologia\Desktop\IDES\Heroku\microservicios-cursos\src\test\resources
2021-09-07 17:39:39,286 [Worker-1: Building] INFO  o.e.m.c.i.embedder.EclipseLogger - Using 'UTF-8' encoding to copy filtered resources.
2021-09-07 17:39:39,287 [Worker-1: Building] INFO  o.e.m.c.i.embedder.EclipseLogger - Using 'UTF-8' encoding to copy filtered properties files.
2021-09-07 17:39:39,288 [Worker-1: Building] INFO  o.e.m.c.i.embedder.EclipseLogger - Copying 1 resource
2021-09-07 17:39:39,295 [Worker-1: Building] INFO  o.e.m.c.i.embedder.EclipseLogger - Copying 0 resource
2021-09-07 17:39:39,297 [Worker-1: Building] INFO  o.e.m.c.i.embedder.EclipseLogger - Using 'UTF-8' encoding to copy filtered resources.
2021-09-07 17:39:39,297 [Worker-1: Building] INFO  o.e.m.c.i.embedder.EclipseLogger - Using 'UTF-8' encoding to copy filtered properties files.
2021-09-07 17:39:39,298 [Worker-1: Building] INFO  o.e.m.c.i.embedder.EclipseLogger - skip non existing resourceDirectory C:\Users\MegaTecnologia\Desktop\IDES\Heroku\microservicios-cursos\src\test\resources
2021-09-07 17:40:12,891 [Worker-1: Building] INFO  o.e.m.c.i.embedder.EclipseLogger - Using 'UTF-8' encoding to copy filtered resources.
2021-09-07 17:40:12,892 [Worker-1: Building] INFO  o.e.m.c.i.embedder.EclipseLogger - Using 'UTF-8' encoding to copy filtered properties files.
2021-09-07 17:40:12,893 [Worker-1: Building] INFO  o.e.m.c.i.embedder.EclipseLogger - Copying 1 resource
2021-09-07 17:40:12,902 [Worker-1: Building] INFO  o.e.m.c.i.embedder.EclipseLogger - Copying 0 resource
2021-09-07 17:40:12,904 [Worker-1: Building] INFO  o.e.m.c.i.embedder.EclipseLogger - Using 'UTF-8' encoding to copy filtered resources.
2021-09-07 17:40:12,904 [Worker-1: Building] INFO  o.e.m.c.i.embedder.EclipseLogger - Using 'UTF-8' encoding to copy filtered properties files.
2021-09-07 17:40:12,905 [Worker-1: Building] INFO  o.e.m.c.i.embedder.EclipseLogger - skip non existing resourceDirectory C:\Users\MegaTecnologia\Desktop\IDES\Heroku\microservicios-cursos\src\test\resources
2021-09-07 17:40:27,301 [Worker-6: Launching microservicios-cursos - MicroserviciosCursosApplication] INFO  o.e.m.c.i.p.WorkspaceClassifierResolverManager - Resolving P/commons-microservicios: com.formacionbdi.microservicios.commons:commons-microservicios:0.0.1-SNAPSHOT with classifier null to /commons-microservicios/target/classes
2021-09-07 17:40:27,773 [Worker-6: Launching microservicios-cursos - MicroserviciosCursosApplication] INFO  o.e.m.c.i.p.WorkspaceClassifierResolverManager - Resolving P/commons-microservicios: com.formacionbdi.microservicios.commons:commons-microservicios:0.0.1-SNAPSHOT with classifier null to /commons-microservicios/target/classes
2021-09-07 17:40:28,188 [Worker-6: Launching microservicios-cursos - MicroserviciosCursosApplication] INFO  o.e.m.c.i.p.WorkspaceClassifierResolverManager - Resolving P/commons-microservicios: com.formacionbdi.microservicios.commons:commons-microservicios:0.0.1-SNAPSHOT with classifier null to /commons-microservicios/target/classes
2021-09-07 17:41:30,106 [Worker-8: Building] INFO  o.e.m.c.i.embedder.EclipseLogger - Using 'UTF-8' encoding to copy filtered resources.
2021-09-07 17:41:30,106 [Worker-8: Building] INFO  o.e.m.c.i.embedder.EclipseLogger - Using 'UTF-8' encoding to copy filtered properties files.
2021-09-07 17:41:30,106 [Worker-8: Building] INFO  o.e.m.c.i.embedder.EclipseLogger - Copying 1 resource
2021-09-07 17:41:30,115 [Worker-8: Building] INFO  o.e.m.c.i.embedder.EclipseLogger - Copying 0 resource
2021-09-07 17:41:30,117 [Worker-8: Building] INFO  o.e.m.c.i.embedder.EclipseLogger - Using 'UTF-8' encoding to copy filtered resources.
2021-09-07 17:41:30,117 [Worker-8: Building] INFO  o.e.m.c.i.embedder.EclipseLogger - Using 'UTF-8' encoding to copy filtered properties files.
2021-09-07 17:41:30,117 [Worker-8: Building] INFO  o.e.m.c.i.embedder.EclipseLogger - skip non existing resourceDirectory C:\Users\MegaTecnologia\Desktop\IDES\Heroku\microservicios-cursos\src\test\resources
2021-09-07 17:41:36,250 [Worker-8: Launching microservicios-cursos - MicroserviciosCursosApplication] INFO  o.e.m.c.i.p.WorkspaceClassifierResolverManager - Resolving P/commons-microservicios: com.formacionbdi.microservicios.commons:commons-microservicios:0.0.1-SNAPSHOT with classifier null to /commons-microservicios/target/classes
2021-09-07 17:41:36,545 [Worker-8: Launching microservicios-cursos - MicroserviciosCursosApplication] INFO  o.e.m.c.i.p.WorkspaceClassifierResolverManager - Resolving P/commons-microservicios: com.formacionbdi.microservicios.commons:commons-microservicios:0.0.1-SNAPSHOT with classifier null to /commons-microservicios/target/classes
2021-09-07 17:41:36,821 [Worker-8: Launching microservicios-cursos - MicroserviciosCursosApplication] INFO  o.e.m.c.i.p.WorkspaceClassifierResolverManager - Resolving P/commons-microservicios: com.formacionbdi.microservicios.commons:commons-microservicios:0.0.1-SNAPSHOT with classifier null to /commons-microservicios/target/classes
2021-09-07 17:42:52,777 [Worker-9: Building] INFO  o.e.m.c.i.embedder.EclipseLogger - Using 'UTF-8' encoding to copy filtered resources.
2021-09-07 17:42:52,777 [Worker-9: Building] INFO  o.e.m.c.i.embedder.EclipseLogger - Using 'UTF-8' encoding to copy filtered properties files.
2021-09-07 17:42:52,777 [Worker-9: Building] INFO  o.e.m.c.i.embedder.EclipseLogger - Copying 1 resource
2021-09-07 17:42:52,786 [Worker-9: Building] INFO  o.e.m.c.i.embedder.EclipseLogger - Copying 0 resource
2021-09-07 17:42:52,788 [Worker-9: Building] INFO  o.e.m.c.i.embedder.EclipseLogger - Using 'UTF-8' encoding to copy filtered resources.
2021-09-07 17:42:52,789 [Worker-9: Building] INFO  o.e.m.c.i.embedder.EclipseLogger - Using 'UTF-8' encoding to copy filtered properties files.
2021-09-07 17:42:52,789 [Worker-9: Building] INFO  o.e.m.c.i.embedder.EclipseLogger - skip non existing resourceDirectory C:\Users\MegaTecnologia\Desktop\IDES\Heroku\microservicios-cursos\src\test\resources
2021-09-07 17:42:56,552 [Worker-7: Launching microservicios-cursos - MicroserviciosCursosApplication] INFO  o.e.m.c.i.p.WorkspaceClassifierResolverManager - Resolving P/commons-microservicios: com.formacionbdi.microservicios.commons:commons-microservicios:0.0.1-SNAPSHOT with classifier null to /commons-microservicios/target/classes
2021-09-07 17:42:56,823 [Worker-7: Launching microservicios-cursos - MicroserviciosCursosApplication] INFO  o.e.m.c.i.p.WorkspaceClassifierResolverManager - Resolving P/commons-microservicios: com.formacionbdi.microservicios.commons:commons-microservicios:0.0.1-SNAPSHOT with classifier null to /commons-microservicios/target/classes
2021-09-07 17:42:57,111 [Worker-7: Launching microservicios-cursos - MicroserviciosCursosApplication] INFO  o.e.m.c.i.p.WorkspaceClassifierResolverManager - Resolving P/commons-microservicios: com.formacionbdi.microservicios.commons:commons-microservicios:0.0.1-SNAPSHOT with classifier null to /commons-microservicios/target/classes
2021-09-07 17:43:09,987 [Worker-9: Building] INFO  o.e.m.c.i.embedder.EclipseLogger - Using 'UTF-8' encoding to copy filtered resources.
2021-09-07 17:43:09,988 [Worker-9: Building] INFO  o.e.m.c.i.embedder.EclipseLogger - Using 'UTF-8' encoding to copy filtered properties files.
2021-09-07 17:43:09,988 [Worker-9: Building] INFO  o.e.m.c.i.embedder.EclipseLogger - Copying 1 resource
2021-09-07 17:43:09,996 [Worker-9: Building] INFO  o.e.m.c.i.embedder.EclipseLogger - Copying 0 resource
2021-09-07 17:43:09,998 [Worker-9: Building] INFO  o.e.m.c.i.embedder.EclipseLogger - Using 'UTF-8' encoding to copy filtered resources.
2021-09-07 17:43:09,998 [Worker-9: Building] INFO  o.e.m.c.i.embedder.EclipseLogger - Using 'UTF-8' encoding to copy filtered properties files.
2021-09-07 17:43:09,998 [Worker-9: Building] INFO  o.e.m.c.i.embedder.EclipseLogger - skip non existing resourceDirectory C:\Users\MegaTecnologia\Desktop\IDES\Heroku\microservicios-cursos\src\test\resources
2021-09-07 17:43:12,864 [Worker-1: Launching microservicios-cursos - MicroserviciosCursosApplication] INFO  o.e.m.c.i.p.WorkspaceClassifierResolverManager - Resolving P/commons-microservicios: com.formacionbdi.microservicios.commons:commons-microservicios:0.0.1-SNAPSHOT with classifier null to /commons-microservicios/target/classes
2021-09-07 17:43:13,142 [Worker-1: Launching microservicios-cursos - MicroserviciosCursosApplication] INFO  o.e.m.c.i.p.WorkspaceClassifierResolverManager - Resolving P/commons-microservicios: com.formacionbdi.microservicios.commons:commons-microservicios:0.0.1-SNAPSHOT with classifier null to /commons-microservicios/target/classes
2021-09-07 17:43:13,433 [Worker-1: Launching microservicios-cursos - MicroserviciosCursosApplication] INFO  o.e.m.c.i.p.WorkspaceClassifierResolverManager - Resolving P/commons-microservicios: com.formacionbdi.microservicios.commons:commons-microservicios:0.0.1-SNAPSHOT with classifier null to /commons-microservicios/target/classes
